2023-06-10 20:09:31,839 ============================= test session starts ==============================
platform linux -- Python 3.10.6, pytest-7.3.1, pluggy-1.0.0 -- /home/kacper/.cache/pypoetry/virtualenvs/grug-coder-dO1dZvF2-py3.10/bin/python
cachedir: .pytest_cache
rootdir: /home/kacper/grug_coder/grug_coder
collecting ... collected 3 items

test_intersperse.py::test_intersperse_empty_list PASSED
test_intersperse.py::test_intersperse_with_delimeter PASSED
test_intersperse.py::test_intersperse_without_delimeter FAILED

=================================== FAILURES ===================================
______________________ test_intersperse_without_delimeter ______________________

    def test_intersperse_without_delimeter():
>       assert intersperse([1,2,3]) == [1, 2, 3]
E       assert [1, 0, 2, 0, 3] == [1, 2, 3]
E         At index 1 diff: 0 != 2
E         Left contains 2 more items, first extra item: 0
E         Full diff:
E         - [1, 2, 3]
E         + [1, 0, 2, 0, 3]
E         ?     +++   +++

test_intersperse.py:9: AssertionError
=========================== short test summary info ============================
FAILED test_intersperse.py::test_intersperse_without_delimeter - assert [1, 0...
========================= 1 failed, 2 passed in 0.02s ==========================

2023-06-10 20:09:31,840 pytest command failed with return code: 1
